[{"line":3,"elements":[{"line":5,"name":"User lands on Home Page and opens the page Create an Account.","description":"","type":"background","keyword":"Background","steps":[{"result":{"duration":7860374400,"status":"passed"},"line":6,"name":"user opens the App","match":{"location":"stepDefinitions.StepDefinitions.user_opens_the_app()"},"keyword":"When "},{"result":{"duration":138856300,"status":"passed"},"line":7,"name":"user is on Home Page","match":{"location":"stepDefinitions.StepDefinitions.user_is_on_home_page()"},"keyword":"And "},{"result":{"duration":1408509200,"status":"passed"},"line":8,"name":"user clicks on the header button Create an Account","match":{"location":"stepDefinitions.StepDefinitions.user_clicks_on_the_header_button_create_an_account()"},"keyword":"And "},{"result":{"duration":109101200,"status":"passed"},"line":9,"name":"user is on the page Create an Account","match":{"location":"stepDefinitions.StepDefinitions.user_is_on_the_page_create_an_account()"},"keyword":"Then "}]},{"start_timestamp":"2025-03-10T08:16:26.869Z","line":68,"name":"User enters matched password for confirm password.","description":"","id":"i-want-to-test-create-new-account-scenario;user-enters-matched-password-for-confirm-password.","after":[{"result":{"duration":468698700,"status":"passed"},"match":{"location":"stepDefinitions.StepDefinitions.quitDriver()"}}],"type":"scenario","keyword":"Scenario","steps":[{"result":{"duration":198698800,"status":"passed"},"line":69,"name":"user enters the first name","match":{"location":"stepDefinitions.StepDefinitions.user_enters_the_first_name()"},"keyword":"Given "},{"result":{"duration":165888000,"status":"passed"},"line":70,"name":"user enters the last name","match":{"location":"stepDefinitions.StepDefinitions.user_enters_the_last_name()"},"keyword":"And "},{"result":{"duration":336780600,"status":"passed"},"line":71,"name":"user enters a valid email address","match":{"location":"stepDefinitions.StepDefinitions.user_enters_a_valid_email_address()"},"keyword":"And "},{"result":{"duration":179586600,"status":"passed"},"line":72,"name":"user enters a valid password","match":{"location":"stepDefinitions.StepDefinitions.user_enters_a_valid_password()"},"keyword":"And "},{"result":{"duration":142048600,"status":"passed"},"line":73,"name":"user enters correct password in the text box confirm password","match":{"location":"stepDefinitions.StepDefinitions.user_enters_correct_password_in_the_text_box_confirm_password()"},"keyword":"And "},{"result":{"duration":3797394200,"status":"passed"},"line":74,"name":"user clicks on the button Create an Account","match":{"location":"stepDefinitions.StepDefinitions.user_clicks_on_the_button_create_an_account()"},"keyword":"And "},{"result":{"duration":113835600,"status":"passed"},"line":75,"name":"user gets navigated to the page my account","match":{"location":"stepDefinitions.StepDefinitions.user_gets_navigated_to_the_page_my_account()"},"keyword":"Then "},{"result":{"error_message":"org.openqa.selenium.TimeoutException: Expected condition failed: waiting for visibility of Proxy element for: AjaxElementLocator 'By.xpath: //main[@id=maincontent]/div[1]/div[2]/div/div/div' (tried for 30 second(s) with 500 milliseconds interval)\r\n\tat org.openqa.selenium.support.ui.WebDriverWait.timeoutException(WebDriverWait.java:84)\r\n\tat org.openqa.selenium.support.ui.FluentWait.until(FluentWait.java:228)\r\n\tat base.PreDefinedActions.wait(PreDefinedActions.java:43)\r\n\tat base.PreDefinedActions.getText(PreDefinedActions.java:59)\r\n\tat Pages.MyAccountPage.getConfirmationOfAccountCreation(MyAccountPage.java:29)\r\n\tat stepDefinitions.StepDefinitions.user_checks_the_confirmation_of_account_creation(StepDefinitions.java:147)\r\n\tat âœ½.user checks the confirmation of account creation(file:///C:/Users/Toshina/OneDrive/Desktop/Incubytes/Assignment/Features/createAccount.feature:76)\r\nCaused by: org.openqa.selenium.NoSuchElementException: Timed out after 30 seconds. Unable to locate the element\r\n\tat org.openqa.selenium.support.pagefactory.AjaxElementLocator.findElement(AjaxElementLocator.java:90)\r\n\tat org.openqa.selenium.support.pagefactory.internal.LocatingElementHandler.invoke(LocatingElementHandler.java:38)\r\n\tat jdk.proxy2/jdk.proxy2.$Proxy21.isDisplayed(Unknown Source)\r\n\tat org.openqa.selenium.support.ui.ExpectedConditions.elementIfVisible(ExpectedConditions.java:304)\r\n\tat org.openqa.selenium.support.ui.ExpectedConditions$10.apply(ExpectedConditions.java:290)\r\n\tat org.openqa.selenium.support.ui.ExpectedConditions$10.apply(ExpectedConditions.java:287)\r\n\tat org.openqa.selenium.support.ui.FluentWait.until(FluentWait.java:203)\r\n\t... 5 more\r\nCaused by: org.openqa.selenium.NoSuchElementException: no such element: Unable to locate element: {\"method\":\"xpath\",\"selector\":\"//main[@id=maincontent]/div[1]/div[2]/div/div/div\"}\n  (Session info: chrome=134.0.6998.36)\nFor documentation on this error, please visit: https://www.selenium.dev/documentation/webdriver/troubleshooting/errors#no-such-element-exception\nBuild info: version: '4.29.0', revision: '5fc1ec94cb'\nSystem info: os.name: 'Windows 11', os.arch: 'amd64', os.version: '10.0', java.version: '21.0.5'\nDriver info: org.openqa.selenium.chrome.ChromeDriver\nCommand: [30060de8013539f83c41c7ea11b1a9a3, findElement {value=//main[@id=maincontent]/div[1]/div[2]/div/div/div, using=xpath}]\nCapabilities {acceptInsecureCerts: false, browserName: chrome, browserVersion: 134.0.6998.36, chrome: {chromedriverVersion: 134.0.6998.35 (ea6ef4c2ac15..., userDataDir: C:\\Users\\Toshina\\AppData\\Lo...}, fedcm:accounts: true, goog:chromeOptions: {debuggerAddress: localhost:54779}, networkConnectionEnabled: false, pageLoadStrategy: normal, platformName: windows, proxy: Proxy(), se:cdp: ws://localhost:54779/devtoo..., se:cdpVersion: 134.0.6998.36, setWindowRect: true, strictFileInteractability: false, timeouts: {implicit: 0, pageLoad: 300000, script: 30000}, unhandledPromptBehavior: dismiss and notify, webauthn:extension:credBlob: true, webauthn:extension:largeBlob: true, webauthn:extension:minPinLength: true, webauthn:extension:prf: true, webauthn:virtualAuthenticators: true}\nSession ID: 30060de8013539f83c41c7ea11b1a9a3\r\n\tat java.base/jdk.internal.reflect.DirectConstructorHandleAccessor.newInstance(DirectConstructorHandleAccessor.java:62)\r\n\tat java.base/java.lang.reflect.Constructor.newInstanceWithCaller(Constructor.java:502)\r\n\tat java.base/java.lang.reflect.Constructor.newInstance(Constructor.java:486)\r\n\tat org.openqa.selenium.remote.ErrorCodec.decode(ErrorCodec.java:167)\r\n\tat org.openqa.selenium.remote.codec.w3c.W3CHttpResponseCodec.decode(W3CHttpResponseCodec.java:138)\r\n\tat org.openqa.selenium.remote.codec.w3c.W3CHttpResponseCodec.decode(W3CHttpResponseCodec.java:50)\r\n\tat org.openqa.selenium.remote.HttpCommandExecutor.execute(HttpCommandExecutor.java:215)\r\n\tat org.openqa.selenium.remote.service.DriverCommandExecutor.invokeExecute(DriverCommandExecutor.java:216)\r\n\tat org.openqa.selenium.remote.service.DriverCommandExecutor.execute(DriverCommandExecutor.java:174)\r\n\tat org.openqa.selenium.remote.RemoteWebDriver.execute(RemoteWebDriver.java:545)\r\n\tat org.openqa.selenium.remote.ElementLocation$ElementFinder$2.findElement(ElementLocation.java:165)\r\n\tat org.openqa.selenium.remote.ElementLocation.findElement(ElementLocation.java:59)\r\n\tat org.openqa.selenium.remote.RemoteWebDriver.findElement(RemoteWebDriver.java:368)\r\n\tat org.openqa.selenium.remote.RemoteWebDriver.findElement(RemoteWebDriver.java:362)\r\n\tat org.openqa.selenium.support.pagefactory.DefaultElementLocator.findElement(DefaultElementLocator.java:68)\r\n\tat org.openqa.selenium.support.pagefactory.AjaxElementLocator.access$001(AjaxElementLocator.java:38)\r\n\tat org.openqa.selenium.support.pagefactory.AjaxElementLocator$SlowLoadingElement.isLoaded(AjaxElementLocator.java:156)\r\n\tat org.openqa.selenium.support.ui.SlowLoadableComponent.get(SlowLoadableComponent.java:79)\r\n\tat org.openqa.selenium.support.pagefactory.AjaxElementLocator.findElement(AjaxElementLocator.java:86)\r\n\t... 11 more\r\n","duration":60323671800,"status":"failed"},"line":76,"name":"user checks the confirmation of account creation","match":{"location":"stepDefinitions.StepDefinitions.user_checks_the_confirmation_of_account_creation()"},"keyword":"And "}]},{"line":5,"name":"User lands on Home Page and opens the page Create an Account.","description":"","type":"background","keyword":"Background","steps":[{"result":{"duration":9527346700,"status":"passed"},"line":6,"name":"user opens the App","match":{"location":"stepDefinitions.StepDefinitions.user_opens_the_app()"},"keyword":"When "},{"result":{"duration":98172000,"status":"passed"},"line":7,"name":"user is on Home Page","match":{"location":"stepDefinitions.StepDefinitions.user_is_on_home_page()"},"keyword":"And "},{"result":{"duration":1587208500,"status":"passed"},"line":8,"name":"user clicks on the header button Create an Account","match":{"location":"stepDefinitions.StepDefinitions.user_clicks_on_the_header_button_create_an_account()"},"keyword":"And "},{"result":{"duration":55190300,"status":"passed"},"line":9,"name":"user is on the page Create an Account","match":{"location":"stepDefinitions.StepDefinitions.user_is_on_the_page_create_an_account()"},"keyword":"Then "}]},{"start_timestamp":"2025-03-10T08:17:42.250Z","line":11,"name":"User clicks on the button Create an Account to check all the mandatory fields.","description":"","id":"i-want-to-test-create-new-account-scenario;user-clicks-on-the-button-create-an-account-to-check-all-the-mandatory-fields.","after":[{"result":{"duration":184047900,"status":"passed"},"match":{"location":"stepDefinitions.StepDefinitions.quitDriver()"}}],"type":"scenario","keyword":"Scenario","steps":[{"result":{"duration":32923800,"status":"passed"},"line":12,"name":"user is on the page Create an Account","match":{"location":"stepDefinitions.StepDefinitions.user_is_on_the_page_create_an_account()"},"keyword":"Given "},{"result":{"duration":101064500,"status":"passed"},"line":13,"name":"user clicks on the button Create an Account","match":{"location":"stepDefinitions.StepDefinitions.user_clicks_on_the_button_create_an_account()"},"keyword":"When "},{"result":{"duration":39635900,"status":"passed"},"line":14,"name":"user compares the count of warnings with the count of mandatory fields","match":{"location":"stepDefinitions.StepDefinitions.user_compares_the_count_of_warnings_with_the_count_of_mandatory_fields()"},"keyword":"Then "}]}],"name":"I want to test create new account scenario","description":"","id":"i-want-to-test-create-new-account-scenario","keyword":"Feature","uri":"file:Features/createAccount.feature","tags":[]}]